Library/Bee/Android/Prj/Mono2x/Gradle/launcher/build/intermediates/manifest_merge_blame_file/release/manifest-merger-blame-release-report.txt
1<?xml version="1.0" encoding="utf-8"?>
2<manifest xmlns:android="http://schemas.android.com/apk/res/android"
3    package="com.UlsanUnivercity.WhaleARProject"
4    android:installLocation="preferExternal"
5    android:versionCode="1"
6    android:versionName="0.1" >
7
8    <uses-sdk
9        android:minSdkVersion="26"
9-->src\main\AndroidManifest.xml
10        android:targetSdkVersion="33" />
10-->src\main\AndroidManifest.xml
11
12    <supports-screens
12-->src\main\AndroidManifest.xml:3:3-163
13        android:anyDensity="true"
13-->src\main\AndroidManifest.xml:3:135-160
14        android:largeScreens="true"
14-->src\main\AndroidManifest.xml:3:78-105
15        android:normalScreens="true"
15-->src\main\AndroidManifest.xml:3:49-77
16        android:smallScreens="true"
16-->src\main\AndroidManifest.xml:3:21-48
17        android:xlargeScreens="true" />
17-->src\main\AndroidManifest.xml:3:106-134
18
19    <uses-permission android:name="android.permission.BLUETOOTH" />
19-->[:unityLibrary] AndroidManifest.xml:21:5-68
19-->[:unityLibrary] AndroidManifest.xml:21:22-65
20
21    <uses-feature android:glEsVersion="0x00030000" />
21-->[:unityLibrary] AndroidManifest.xml:23:5-54
21-->[:unityLibrary] AndroidManifest.xml:23:19-51
22
23    <uses-permission android:name="android.permission.VIBRATE" />
23-->[:unityLibrary] AndroidManifest.xml:25:5-66
23-->[:unityLibrary] AndroidManifest.xml:25:22-63
24    <uses-permission android:name="android.permission.WRITE_EXTERNAL_STORAGE" />
24-->[:unityLibrary] AndroidManifest.xml:26:5-81
24-->[:unityLibrary] AndroidManifest.xml:26:22-78
25
26    <uses-feature
26-->[:unityLibrary] AndroidManifest.xml:28:5-30:36
27        android:name="android.hardware.touchscreen"
27-->[:unityLibrary] AndroidManifest.xml:29:9-52
28        android:required="false" />
28-->[:unityLibrary] AndroidManifest.xml:30:9-33
29    <uses-feature
29-->[:unityLibrary] AndroidManifest.xml:31:5-33:36
30        android:name="android.hardware.touchscreen.multitouch"
30-->[:unityLibrary] AndroidManifest.xml:32:9-63
31        android:required="false" />
31-->[:unityLibrary] AndroidManifest.xml:33:9-33
32    <uses-feature
32-->[:unityLibrary] AndroidManifest.xml:34:5-36:36
33        android:name="android.hardware.touchscreen.multitouch.distinct"
33-->[:unityLibrary] AndroidManifest.xml:35:9-72
34        android:required="false" />
34-->[:unityLibrary] AndroidManifest.xml:36:9-33
35
36    <uses-permission android:name="android.permission.FOREGROUND_SERVICE" />
36-->[:nrunityandroidpermission:] AndroidManifest.xml:12:5-77
36-->[:nrunityandroidpermission:] AndroidManifest.xml:12:22-74
37
38    <queries>
38-->[:nr_api:] AndroidManifest.xml:11:5-15:15
39        <intent>
39-->[:nr_api:] AndroidManifest.xml:12:9-14:18
40            <action android:name="ai.nreal.nrsdk.network.type.server" />
40-->[:nr_api:] AndroidManifest.xml:13:13-73
40-->[:nr_api:] AndroidManifest.xml:13:21-70
41        </intent>
42    </queries>
43
44    <uses-permission android:name="android.permission.HIGH_SAMPLING_RATE_SENSORS" />
44-->[:nr_api:] AndroidManifest.xml:17:5-85
44-->[:nr_api:] AndroidManifest.xml:17:22-82
45
46    <application
46-->src\main\AndroidManifest.xml:4:3-83
47        android:extractNativeLibs="true"
47-->[:unityLibrary] AndroidManifest.xml:39:9-41
48        android:icon="@mipmap/app_icon"
48-->src\main\AndroidManifest.xml:4:49-80
49        android:label="@string/app_name"
49-->src\main\AndroidManifest.xml:4:16-48
50        android:theme="@style/UnityThemeSelector" >
50-->[:unityLibrary] AndroidManifest.xml:42:9-50
51        <activity
51-->[:unityLibrary] AndroidManifest.xml:43:9-60:20
52            android:name="com.unity3d.player.UnityPlayerActivity"
52-->[:unityLibrary] AndroidManifest.xml:44:13-66
53            android:configChanges="mcc|mnc|locale|touchscreen|keyboard|keyboardHidden|navigation|orientation|screenLayout|uiMode|screenSize|smallestScreenSize|fontScale|layoutDirection|density"
53-->[:unityLibrary] AndroidManifest.xml:45:13-194
54            android:exported="true"
54-->[:unityLibrary] AndroidManifest.xml:46:13-36
55            android:hardwareAccelerated="false"
55-->[:unityLibrary] AndroidManifest.xml:47:13-48
56            android:launchMode="singleTask"
56-->[:unityLibrary] AndroidManifest.xml:48:13-44
57            android:resizeableActivity="false"
57-->[:unityLibrary] AndroidManifest.xml:49:13-47
58            android:screenOrientation="portrait" >
58-->[:unityLibrary] AndroidManifest.xml:50:13-49
59            <intent-filter>
59-->[:unityLibrary] AndroidManifest.xml:51:13-55:29
60                <action android:name="android.intent.action.MAIN" />
60-->[:unityLibrary] AndroidManifest.xml:52:17-69
60-->[:unityLibrary] AndroidManifest.xml:52:25-66
61
62                <category android:name="android.intent.category.LAUNCHER" />
62-->[:unityLibrary] AndroidManifest.xml:54:17-77
62-->[:unityLibrary] AndroidManifest.xml:54:27-74
63            </intent-filter>
64
65            <meta-data
65-->[:unityLibrary] AndroidManifest.xml:57:13-59:40
66                android:name="android.notch_support"
66-->[:unityLibrary] AndroidManifest.xml:58:17-53
67                android:value="true" />
67-->[:unityLibrary] AndroidManifest.xml:59:17-37
68        </activity>
69
70        <meta-data
70-->[:unityLibrary] AndroidManifest.xml:62:9-64:36
71            android:name="nreal_sdk"
71-->[:unityLibrary] AndroidManifest.xml:63:13-37
72            android:value="true" />
72-->[:unityLibrary] AndroidManifest.xml:64:13-33
73        <meta-data
73-->[:unityLibrary] AndroidManifest.xml:65:9-67:51
74            android:name="com.nreal.supportDevices"
74-->[:unityLibrary] AndroidManifest.xml:66:13-52
75            android:value="NrealLight|NrealAir" />
75-->[:unityLibrary] AndroidManifest.xml:67:13-48
76        <meta-data
76-->[:unityLibrary] AndroidManifest.xml:68:9-70:33
77            android:name="unity.splash-mode"
77-->[:unityLibrary] AndroidManifest.xml:69:13-45
78            android:value="0" />
78-->[:unityLibrary] AndroidManifest.xml:70:13-30
79        <meta-data
79-->[:unityLibrary] AndroidManifest.xml:71:9-73:36
80            android:name="unity.splash-enable"
80-->[:unityLibrary] AndroidManifest.xml:72:13-47
81            android:value="True" />
81-->[:unityLibrary] AndroidManifest.xml:73:13-33
82        <meta-data
82-->[:unityLibrary] AndroidManifest.xml:74:9-76:36
83            android:name="unity.launch-fullscreen"
83-->[:unityLibrary] AndroidManifest.xml:75:13-51
84            android:value="True" />
84-->[:unityLibrary] AndroidManifest.xml:76:13-33
85        <meta-data
85-->[:unityLibrary] AndroidManifest.xml:77:9-79:37
86            android:name="unity.allow-resizable-window"
86-->[:unityLibrary] AndroidManifest.xml:78:13-56
87            android:value="False" />
87-->[:unityLibrary] AndroidManifest.xml:79:13-34
88        <meta-data
88-->[:unityLibrary] AndroidManifest.xml:80:9-82:50
89            android:name="notch.config"
89-->[:unityLibrary] AndroidManifest.xml:81:13-40
90            android:value="portrait|landscape" />
90-->[:unityLibrary] AndroidManifest.xml:82:13-47
91
92        <service
92-->[:nrunityandroidpermission:] AndroidManifest.xml:15:9-19:63
93            android:name="ai.nreal.sdk.MediaProjectionService"
93-->[:nrunityandroidpermission:] AndroidManifest.xml:16:13-63
94            android:enabled="true"
94-->[:nrunityandroidpermission:] AndroidManifest.xml:17:13-35
95            android:exported="true"
95-->[:nrunityandroidpermission:] AndroidManifest.xml:18:13-36
96            android:foregroundServiceType="mediaProjection" />
96-->[:nrunityandroidpermission:] AndroidManifest.xml:19:13-60
97    </application>
98
99</manifest>